<?xml version="1.0" encoding="UTF-8"?>
<!-- Generated by org.testng.reporters.JUnitReportReporter -->
<testsuite hostname="AWGMRMUMJLT0004" failures="0" tests="1" name="testpack.TC12_Workflowforworkorder" time="350.748" errors="0" timestamp="26 Jun 2023 11:58:34 GMT" skipped="0">
  <testcase classname="testpack.TC12_Workflowforworkorder" name="verifyWorkflowforworkorder" time="350.748"/>
</testsuite> <!-- testpack.TC12_Workflowforworkorder -->
