<?xml version="1.0" encoding="UTF-8"?>
<!-- Generated by org.testng.reporters.JUnitReportReporter -->
<testsuite hostname="AWGMRMUMJLT0004" failures="0" tests="1" name="testpack.TC03_CreateWorkorderSheet" time="160.641" errors="0" timestamp="12 Jul 2023 11:01:35 GMT" skipped="0">
  <testcase classname="testpack.TC03_CreateWorkorderSheet" name="verifyCreateworkorder" time="160.641"/>
</testsuite> <!-- testpack.TC03_CreateWorkorderSheet -->
