<?xml version="1.0" encoding="UTF-8"?>
<!-- Generated by org.testng.reporters.JUnitReportReporter -->
<testsuite hostname="AWGMRMUMJLT0004" failures="0" tests="1" name="customerTestPack.TC05_VerifyEditAircraft" time="78.590" errors="0" timestamp="12 Jul 2023 10:25:11 GMT" skipped="0">
  <testcase classname="customerTestPack.TC05_VerifyEditAircraft" name="verifyViewCustomer" time="78.590"/>
</testsuite> <!-- customerTestPack.TC05_VerifyEditAircraft -->
