<?xml version="1.0" encoding="UTF-8"?>
<!-- Generated by org.testng.reporters.JUnitReportReporter -->
<testsuite hostname="AWGMRMUMJLT0004" failures="0" tests="1" name="testpack.TC15_VerifyViewCloseWorkOrderPreServer" time="66.456" errors="0" timestamp="05 Jun 2023 05:23:19 GMT" skipped="0">
  <testcase classname="testpack.TC15_VerifyViewCloseWorkOrderPreServer" name="VerifyViewCloseWorkOrder" time="66.456"/>
</testsuite> <!-- testpack.TC15_VerifyViewCloseWorkOrderPreServer -->
