<?xml version="1.0" encoding="UTF-8"?>
<!-- Generated by org.testng.reporters.JUnitReportReporter -->
<testsuite hostname="AWGMRMUMJLT0004" failures="0" tests="1" name="testpack.TC16_VerifyViewCloseWorkOrderonTestserver" time="75.420" errors="0" timestamp="25 May 2023 11:36:36 GMT" skipped="0">
  <testcase classname="testpack.TC16_VerifyViewCloseWorkOrderonTestserver" name="ViewCloseWorkOrderonTestserver" time="75.420"/>
</testsuite> <!-- testpack.TC16_VerifyViewCloseWorkOrderonTestserver -->
