<?xml version="1.0" encoding="UTF-8"?>
<!-- Generated by org.testng.reporters.JUnitReportReporter -->
<testsuite hostname="AWGMRMUMJLT0004" failures="0" tests="1" name="testpack.TC02_clickonAMROTickmark" time="91.315" errors="0" timestamp="07 Feb 2023 08:47:46 GMT" skipped="0">
  <testcase classname="testpack.TC02_clickonAMROTickmark" name="verifyAMRObutton" time="91.315"/>
</testsuite> <!-- testpack.TC02_clickonAMROTickmark -->
