<?xml version="1.0" encoding="UTF-8"?>
<!-- Generated by org.testng.reporters.JUnitReportReporter -->
<testsuite hostname="AWGMRMUMJLT0004" failures="0" tests="1" name="testpack.Verifylogoutfunctionality" time="17.753" errors="0" timestamp="07 Feb 2023 06:42:31 GMT" skipped="0">
  <testcase classname="testpack.Verifylogoutfunctionality" name="verifylogout" time="17.753"/>
</testsuite> <!-- testpack.Verifylogoutfunctionality -->
