<?xml version="1.0" encoding="UTF-8"?>
<!-- Generated by org.testng.reporters.JUnitReportReporter -->
<testsuite hostname="AWGMRMUMJLT0004" failures="0" tests="1" name="testpack.TC04_Editworkordersheet" time="145.902" errors="0" timestamp="14 Apr 2023 07:21:06 GMT" skipped="0">
  <testcase classname="testpack.TC04_Editworkordersheet" name="VerifyEditworkorder" time="145.902"/>
</testsuite> <!-- testpack.TC04_Editworkordersheet -->
