<?xml version="1.0" encoding="UTF-8"?>
<!-- Generated by org.testng.reporters.JUnitReportReporter -->
<testsuite hostname="AWGMRMUMJLT0004" failures="0" tests="1" name="testpack.TC08_VerifyEditNonConfermanceReport" time="139.972" errors="0" timestamp="27 Mar 2023 10:38:27 GMT" skipped="0">
  <testcase classname="testpack.TC08_VerifyEditNonConfermanceReport" name="VerifyEditNonConfermanceReport" time="139.972"/>
</testsuite> <!-- testpack.TC08_VerifyEditNonConfermanceReport -->
