<?xml version="1.0" encoding="UTF-8"?>
<!-- Generated by org.testng.reporters.JUnitReportReporter -->
<testsuite hostname="AWGMRMUMJLT0004" failures="0" tests="1" name="testpack.TC02_VerifyLogoutFunctionality" time="38.726" errors="0" timestamp="08 Feb 2023 10:58:53 GMT" skipped="0">
  <testcase classname="testpack.TC02_VerifyLogoutFunctionality" name="verifylogout" time="38.726"/>
</testsuite> <!-- testpack.TC02_VerifyLogoutFunctionality -->
