<?xml version="1.0" encoding="UTF-8"?>
<!-- Generated by org.testng.reporters.JUnitReportReporter -->
<testsuite hostname="AWGMRMUMJLT0004" failures="0" tests="1" name="testpack.log4jcheck" time="27.412" errors="0" timestamp="20 Mar 2023 09:24:00 GMT" skipped="0">
  <testcase classname="testpack.log4jcheck" name="test" time="27.412"/>
</testsuite> <!-- testpack.log4jcheck -->
