<?xml version="1.0" encoding="UTF-8"?>
<!-- Generated by org.testng.reporters.JUnitReportReporter -->
<testsuite hostname="AWGMRMUMJLT0004" failures="0" tests="1" name="customerTestPack.TC01_VerifyAddCustomer" time="83.235" errors="0" timestamp="10 Jul 2023 10:21:45 GMT" skipped="0">
  <testcase classname="customerTestPack.TC01_VerifyAddCustomer" name="verifyAddCustomer" time="83.235"/>
</testsuite> <!-- customerTestPack.TC01_VerifyAddCustomer -->
