<?xml version="1.0" encoding="UTF-8"?>
<!-- Generated by org.testng.reporters.JUnitReportReporter -->
<testsuite hostname="AWGMRMUMJLT0004" failures="0" tests="1" name="testpack.TC06_VerifyTaskAllocation" time="89.310" errors="0" timestamp="23 Feb 2023 06:58:05 GMT" skipped="0">
  <testcase classname="testpack.TC06_VerifyTaskAllocation" name="VerifyZoneAllocationpage" time="89.310"/>
</testsuite> <!-- testpack.TC06_VerifyTaskAllocation -->
