<?xml version="1.0" encoding="UTF-8"?>
<!-- Generated by org.testng.reporters.JUnitReportReporter -->
<testsuite hostname="AWGMRMUMJLT0004" failures="0" tests="1" name="testpack.TC09_VerifyAttachementpage" time="80.527" errors="0" timestamp="27 Mar 2023 05:44:44 GMT" skipped="0">
  <testcase classname="testpack.TC09_VerifyAttachementpage" name="VerifyAttachementpage" time="80.527"/>
</testsuite> <!-- testpack.TC09_VerifyAttachementpage -->
