<?xml version="1.0" encoding="UTF-8"?>
<!-- Generated by org.testng.reporters.JUnitReportReporter -->
<testsuite hostname="AWGMRMUMJLT0004" failures="0" tests="1" name="testpack.TC03_CreateWorkorderSheet" time="99.174" errors="0" timestamp="17 Apr 2023 07:04:42 GMT" skipped="0">
  <testcase classname="testpack.TC03_CreateWorkorderSheet" name="verifyAMRObutton" time="99.174"/>
</testsuite> <!-- testpack.TC03_CreateWorkorderSheet -->
