<?xml version="1.0" encoding="UTF-8"?>
<!-- Generated by org.testng.reporters.JUnitReportReporter -->
<testsuite hostname="AWGMRMUMJLT0004" failures="0" tests="1" name="testpack.TC06_VerifyTaskAllocation" time="131.930" errors="0" timestamp="03 Mar 2023 10:25:18 GMT" skipped="0">
  <testcase classname="testpack.TC06_VerifyTaskAllocation" name="VerifyZoneAllocationpage" time="131.930"/>
</testsuite> <!-- testpack.TC06_VerifyTaskAllocation -->
