<?xml version="1.0" encoding="UTF-8"?>
<!-- Generated by org.testng.reporters.JUnitReportReporter -->
<testsuite hostname="AWGMRMUMJLT0004" failures="0" tests="1" name="testpack.TC11_VerifyCreateNRC" time="204.418" errors="0" timestamp="12 Jun 2023 11:02:43 GMT" skipped="0">
  <testcase classname="testpack.TC11_VerifyCreateNRC" name="VerifycreateNRC" time="204.418"/>
</testsuite> <!-- testpack.TC11_VerifyCreateNRC -->
