<?xml version="1.0" encoding="UTF-8"?>
<!-- Generated by org.testng.reporters.JUnitReportReporter -->
<testsuite hostname="AWGMRMUMJLT0004" failures="0" tests="1" name="testpack.TC06_VerifyTaskAllocation" time="147.976" errors="0" timestamp="28 Jun 2023 06:41:46 GMT" skipped="0">
  <testcase classname="testpack.TC06_VerifyTaskAllocation" name="VerifyZoneAllocationpage" time="147.976"/>
</testsuite> <!-- testpack.TC06_VerifyTaskAllocation -->
