<?xml version="1.0" encoding="UTF-8"?>
<!-- Generated by org.testng.reporters.JUnitReportReporter -->
<testsuite hostname="AWGMRMUMJLT0004" failures="0" tests="1" name="customerTestPack.TC02_VerifyEditCustomer" time="100.623" errors="0" timestamp="10 Jul 2023 10:30:44 GMT" skipped="0">
  <testcase classname="customerTestPack.TC02_VerifyEditCustomer" name="verifyEditCustomer" time="100.623"/>
</testsuite> <!-- customerTestPack.TC02_VerifyEditCustomer -->
