<?xml version="1.0" encoding="UTF-8"?>
<!-- Generated by org.testng.reporters.JUnitReportReporter -->
<testsuite hostname="AWGMRMUMJLT0004" failures="0" tests="1" name="customerTestPack.TC03_VerifyViewCustomer" time="55.410" errors="0" timestamp="10 Jul 2023 10:50:29 GMT" skipped="0">
  <testcase classname="customerTestPack.TC03_VerifyViewCustomer" name="verifyViewCustomer" time="55.410"/>
</testsuite> <!-- customerTestPack.TC03_VerifyViewCustomer -->
