<?xml version="1.0" encoding="UTF-8"?>
<!-- Generated by org.testng.reporters.JUnitReportReporter -->
<testsuite hostname="AWGMRMUMJLT0004" failures="0" tests="1" name="testpack.TC18_VerifyViewCloseWorkorderPreServerAMRO" time="63.852" errors="0" timestamp="14 Jun 2023 07:14:25 GMT" skipped="0">
  <testcase classname="testpack.TC18_VerifyViewCloseWorkorderPreServerAMRO" name="VerifyViewCloseWorkOrder" time="63.852"/>
</testsuite> <!-- testpack.TC18_VerifyViewCloseWorkorderPreServerAMRO -->
