<?xml version="1.0" encoding="UTF-8"?>
<!-- Generated by org.testng.reporters.JUnitReportReporter -->
<testsuite hostname="AWGMRMUMJLT0004" failures="0" tests="1" name="testpack.TC10_VerifyNonConfermanceReportFinal" time="274.741" errors="0" timestamp="26 Apr 2023 11:21:23 GMT" skipped="0">
  <testcase classname="testpack.TC10_VerifyNonConfermanceReportFinal" name="VerifyNonConfermanceReportFinal" time="274.741"/>
</testsuite> <!-- testpack.TC10_VerifyNonConfermanceReportFinal -->
