<?xml version="1.0" encoding="UTF-8"?>
<!-- Generated by org.testng.reporters.JUnitReportReporter -->
<testsuite hostname="AWGMRMUMJLT0004" failures="0" tests="1" name="customerTestPack.TC02_VerifyEditCustomer" time="70.632" errors="0" timestamp="07 Jul 2023 13:06:31 GMT" skipped="0">
  <testcase classname="customerTestPack.TC02_VerifyEditCustomer" name="verifyAddCustomer" time="70.632"/>
</testsuite> <!-- customerTestPack.TC02_VerifyEditCustomer -->
