<?xml version="1.0" encoding="UTF-8"?>
<!-- Generated by org.testng.reporters.JUnitReportReporter -->
<testsuite hostname="AWGMRMUMJLT0004" failures="0" tests="1" name="testpack.TC12_Workflowforworkorder" time="780.976" errors="0" timestamp="23 Apr 2023 09:40:42 GMT" skipped="0">
  <testcase classname="testpack.TC12_Workflowforworkorder" name="verifyWorkflowforworkorder" time="780.976"/>
</testsuite> <!-- testpack.TC12_Workflowforworkorder -->
