<?xml version="1.0" encoding="UTF-8"?>
<!-- Generated by org.testng.reporters.JUnitReportReporter -->
<testsuite hostname="AWGMRMUMJLT0004" failures="0" tests="1" name="testpack.TC09_VerifyAttachementpage" time="88.009" errors="0" timestamp="26 Apr 2023 11:00:55 GMT" skipped="0">
  <testcase classname="testpack.TC09_VerifyAttachementpage" name="VerifyAttachementpage" time="88.009"/>
</testsuite> <!-- testpack.TC09_VerifyAttachementpage -->
