<?xml version="1.0" encoding="UTF-8"?>
<!-- Generated by org.testng.reporters.JUnitReportReporter -->
<testsuite hostname="AWGMRMUMJLT0004" failures="0" tests="1" name="testpack.TC19_01_VerifyCloseWorkOrder2ndTask" time="90.851" errors="0" timestamp="23 Jun 2023 04:24:16 GMT" skipped="0">
  <testcase classname="testpack.TC19_01_VerifyCloseWorkOrder2ndTask" name="VerifyViewCloseWorkOrder" time="90.851"/>
</testsuite> <!-- testpack.TC19_01_VerifyCloseWorkOrder2ndTask -->
