<?xml version="1.0" encoding="UTF-8"?>
<!-- Generated by org.testng.reporters.JUnitReportReporter -->
<testsuite hostname="AWGMRMUMJLT0004" failures="0" tests="1" name="testpack.TC07_VerifyNonConfermanceReport" time="98.361" errors="0" timestamp="26 Apr 2023 07:07:57 GMT" skipped="0">
  <testcase classname="testpack.TC07_VerifyNonConfermanceReport" name="VerifyNonConfermanceReport" time="98.361"/>
</testsuite> <!-- testpack.TC07_VerifyNonConfermanceReport -->
