<?xml version="1.0" encoding="UTF-8"?>
<!-- Generated by org.testng.reporters.JUnitReportReporter -->
<testsuite hostname="AWGMRMUMJLT0004" failures="0" tests="1" name="testpack.TC18_03_VerifyCloseWorkOrder3rdTask" time="105.254" errors="0" timestamp="23 Jun 2023 12:32:07 GMT" skipped="0">
  <testcase classname="testpack.TC18_03_VerifyCloseWorkOrder3rdTask" name="VerifyViewCloseWorkOrder" time="105.254"/>
</testsuite> <!-- testpack.TC18_03_VerifyCloseWorkOrder3rdTask -->
