<?xml version="1.0" encoding="UTF-8"?>
<!-- Generated by org.testng.reporters.JUnitReportReporter -->
<testsuite hostname="AWGMRMUMJLT0004" failures="0" tests="1" name="testpack.TC01_VerifyloginFunctionality" time="17.079" errors="0" timestamp="05 Feb 2023 15:26:43 GMT" skipped="0">
  <testcase classname="testpack.TC01_VerifyloginFunctionality" name="verifyLogin" time="17.079"/>
</testsuite> <!-- testpack.TC01_VerifyloginFunctionality -->
