<?xml version="1.0" encoding="UTF-8"?>
<!-- Generated by org.testng.reporters.JUnitReportReporter -->
<testsuite hostname="AWGMRMUMJLT0004" failures="0" tests="1" name="testpack.TC18_VerifyViewCloseWorkorderPreServerAMRO" time="80.988" errors="0" timestamp="26 Jun 2023 12:15:28 GMT" skipped="0">
  <testcase classname="testpack.TC18_VerifyViewCloseWorkorderPreServerAMRO" name="VerifyViewCloseWorkOrder" time="80.988"/>
</testsuite> <!-- testpack.TC18_VerifyViewCloseWorkorderPreServerAMRO -->
