<?xml version="1.0" encoding="UTF-8"?>
<!-- Generated by org.testng.reporters.JUnitReportReporter -->
<testsuite hostname="AWGMRMUMJLT0004" failures="0" tests="1" name="customerTestPack.TC01_VerifyAddCustomer" time="84.717" errors="0" timestamp="06 Jul 2023 08:42:58 GMT" skipped="0">
  <testcase classname="customerTestPack.TC01_VerifyAddCustomer" name="verifyAddCustomer" time="84.717"/>
</testsuite> <!-- customerTestPack.TC01_VerifyAddCustomer -->
