<?xml version="1.0" encoding="UTF-8"?>
<!-- Generated by org.testng.reporters.JUnitReportReporter -->
<testsuite hostname="AWGMRMUMJLT0004" failures="0" tests="1" name="testpack.TC05_VerifyZoneAllocationpage" time="149.674" errors="0" timestamp="08 May 2023 06:00:36 GMT" skipped="0">
  <testcase classname="testpack.TC05_VerifyZoneAllocationpage" name="VerifyZoneAllocationpage" time="149.674"/>
</testsuite> <!-- testpack.TC05_VerifyZoneAllocationpage -->
