<?xml version="1.0" encoding="UTF-8"?>
<!-- Generated by org.testng.reporters.JUnitReportReporter -->
<testsuite hostname="AWGMRMUMJLT0004" failures="0" tests="1" name="testpack.TC07_VerifyNonConfermanceReport" time="145.155" errors="0" timestamp="27 Mar 2023 10:24:59 GMT" skipped="0">
  <testcase classname="testpack.TC07_VerifyNonConfermanceReport" name="VerifyNonConfermanceReport" time="145.155"/>
</testsuite> <!-- testpack.TC07_VerifyNonConfermanceReport -->
