<?xml version="1.0" encoding="UTF-8"?>
<!-- Generated by org.testng.reporters.JUnitReportReporter -->
<testsuite hostname="AWGMRMUMJLT0004" failures="0" tests="1" name="testpack.TC10_VerifyNonConfermanceReportFinal" time="363.951" errors="0" timestamp="29 Mar 2023 09:25:24 GMT" skipped="0">
  <testcase classname="testpack.TC10_VerifyNonConfermanceReportFinal" name="VerifyNonConfermanceReportFinal" time="363.951"/>
</testsuite> <!-- testpack.TC10_VerifyNonConfermanceReportFinal -->
