<?xml version="1.0" encoding="UTF-8"?>
<!-- Generated by org.testng.reporters.JUnitReportReporter -->
<testsuite hostname="AWGMRMUMJLT0004" failures="0" tests="1" name="testpack.TC17_VerifyViewCloseWorkOrderStagserver" time="52.507" errors="0" timestamp="26 May 2023 06:30:15 GMT" skipped="0">
  <testcase classname="testpack.TC17_VerifyViewCloseWorkOrderStagserver" name="ViewCloseWorkOrder" time="52.507"/>
</testsuite> <!-- testpack.TC17_VerifyViewCloseWorkOrderStagserver -->
