<?xml version="1.0" encoding="UTF-8"?>
<!-- Generated by org.testng.reporters.JUnitReportReporter -->
<testsuite hostname="AWGMRMUMJLT0004" failures="0" tests="1" name="testpack.TC11_VerifyCreateNRC" time="60.249" errors="0" timestamp="18 Apr 2023 10:31:36 GMT" skipped="0">
  <testcase classname="testpack.TC11_VerifyCreateNRC" name="VerifycreateNRC" time="60.249"/>
</testsuite> <!-- testpack.TC11_VerifyCreateNRC -->
