<?xml version="1.0" encoding="UTF-8"?>
<!-- Generated by org.testng.reporters.JUnitReportReporter -->
<testsuite hostname="AWGMRMUMJLT0004" failures="0" tests="1" name="testpack.ParcticeTestcase" time="65.149" errors="0" timestamp="23 Jun 2023 06:40:38 GMT" skipped="0">
  <testcase classname="testpack.ParcticeTestcase" name="VerifyViewCloseWorkOrder" time="65.149"/>
</testsuite> <!-- testpack.ParcticeTestcase -->
