<?xml version="1.0" encoding="UTF-8"?>
<!-- Generated by org.testng.reporters.JUnitReportReporter -->
<testsuite hostname="AWGMRMUMJLT0004" failures="0" tests="1" name="testpack.TC04_Editworkordersheet" time="118.791" errors="0" timestamp="21 Feb 2023 05:53:43 GMT" skipped="0">
  <testcase classname="testpack.TC04_Editworkordersheet" name="VerifyEditworkorder" time="118.791"/>
</testsuite> <!-- testpack.TC04_Editworkordersheet -->
