<?xml version="1.0" encoding="UTF-8"?>
<!-- Generated by org.testng.reporters.JUnitReportReporter -->
<testsuite hostname="AWGMRMUMJLT0004" failures="0" tests="1" name="testpack.TC10_VerifyNonConfermanceReportFinal" time="250.169" errors="0" timestamp="23 May 2023 11:12:47 GMT" skipped="0">
  <testcase classname="testpack.TC10_VerifyNonConfermanceReportFinal" name="VerifyNonConfermanceReportFinal" time="250.169"/>
</testsuite> <!-- testpack.TC10_VerifyNonConfermanceReportFinal -->
