<?xml version="1.0" encoding="UTF-8"?>
<!-- Generated by org.testng.reporters.JUnitReportReporter -->
<testsuite hostname="AWGMRMUMJLT0004" failures="0" tests="1" name="testpack.TC06_VerifyTaskAllocation" time="129.476" errors="0" timestamp="12 Apr 2023 07:22:12 GMT" skipped="0">
  <testcase classname="testpack.TC06_VerifyTaskAllocation" name="VerifyZoneAllocationpage" time="129.476"/>
</testsuite> <!-- testpack.TC06_VerifyTaskAllocation -->
